<?xml version="1.0" encoding="UTF-8"?>
<robot generator="Robot 5.0.1 (Python 3.10.5 on win32)" generated="20220625 10:10:58.907" rpa="false" schemaversion="3">
<suite id="s1" name="First" source="C:\Users\jeiso\Documents\GitHub\pruebatecnica\resources\first.robot">
<test id="s1-t1" name="Abrir la vaina" line="13">
<kw name="Open Browser" library="SeleniumLibrary">
<arg>https://www.einforma.co/buscador-empresas-empresarios</arg>
<arg>Chrome</arg>
<doc>Opens a new browser instance to the optional ``url``.</doc>
<msg timestamp="20220625 10:10:59.104" level="INFO">Opening browser 'Chrome' to base url 'https://www.einforma.co/buscador-empresas-empresarios'.</msg>
<status status="PASS" starttime="20220625 10:10:59.103" endtime="20220625 10:11:03.106"/>
</kw>
<kw name="Sleep" library="BuiltIn">
<arg>3s</arg>
<doc>Pauses the test executed for the given time.</doc>
<msg timestamp="20220625 10:11:06.120" level="INFO">Slept 3 seconds</msg>
<status status="PASS" starttime="20220625 10:11:03.106" endtime="20220625 10:11:06.120"/>
</kw>
<kw name="Close Browser" library="SeleniumLibrary">
<doc>Closes the current browser.</doc>
<status status="PASS" starttime="20220625 10:11:06.121" endtime="20220625 10:11:08.227"/>
</kw>
<doc>hola</doc>
<tag>Smoke</tag>
<status status="PASS" starttime="20220625 10:10:59.103" endtime="20220625 10:11:08.228"/>
</test>
<doc>holamundo</doc>
<status status="PASS" starttime="20220625 10:10:58.908" endtime="20220625 10:11:08.230"/>
</suite>
<statistics>
<total>
<stat pass="1" fail="0" skip="0">All Tests</stat>
</total>
<tag>
<stat pass="1" fail="0" skip="0">Smoke</stat>
</tag>
<suite>
<stat pass="1" fail="0" skip="0" id="s1" name="First">First</stat>
</suite>
</statistics>
<errors>
</errors>
</robot>
