<?xml version="1.0" encoding="UTF-8"?>
<robot generator="Robot 5.0.1 (Python 3.10.5 on win32)" generated="20220625 12:19:12.878" rpa="false" schemaversion="3">
<suite id="s1" name="First" source="C:\Users\jeiso\Documents\GitHub\pruebatecnica\resources\first.robot">
<test id="s1-t1" name="This is my test case" line="15">
<kw name="Open Browser" library="SeleniumLibrary">
<arg>${URL}</arg>
<arg>${Browser}</arg>
<doc>Opens a new browser instance to the optional ``url``.</doc>
<msg timestamp="20220625 12:19:13.079" level="INFO">Opening browser 'Chrome' to base url 'https://www.einforma.co/buscador-empresas-empresarios'.</msg>
<status status="PASS" starttime="20220625 12:19:13.078" endtime="20220625 12:19:19.454"/>
</kw>
<kw name="Maximize Browser Window" library="SeleniumLibrary">
<doc>Maximizes current browser window.</doc>
<status status="PASS" starttime="20220625 12:19:19.455" endtime="20220625 12:19:19.569"/>
</kw>
<kw name="Wait Until Page Contains" library="SeleniumLibrary">
<arg>Buscar y verificar empresas por nombre</arg>
<doc>Waits until ``text`` appears on the current page.</doc>
<status status="PASS" starttime="20220625 12:19:19.570" endtime="20220625 12:19:19.584"/>
</kw>
<kw name="Input Text" library="SeleniumLibrary">
<arg>search</arg>
<arg>${companyId}</arg>
<doc>Types the given ``text`` into the text field identified by ``locator``.</doc>
<msg timestamp="20220625 12:19:19.585" level="INFO">Typing text 'holamundito' into text field 'search'.</msg>
<status status="PASS" starttime="20220625 12:19:19.584" endtime="20220625 12:19:19.682"/>
</kw>
<kw name="Click Button" library="SeleniumLibrary">
<arg>xpath=//*[@id="buscador_cabecera"]/input[2]</arg>
<doc>Clicks the button identified by ``locator``.</doc>
<msg timestamp="20220625 12:19:19.683" level="INFO">Clicking button 'xpath=//*[@id="buscador_cabecera"]/input[2]'.</msg>
<status status="PASS" starttime="20220625 12:19:19.683" endtime="20220625 12:19:20.614"/>
</kw>
<kw name="Wait Until Page Contains" library="SeleniumLibrary">
<arg>Resultados de búsqueda</arg>
<doc>Waits until ``text`` appears on the current page.</doc>
<status status="PASS" starttime="20220625 12:19:20.615" endtime="20220625 12:19:20.629"/>
</kw>
<kw name="Capture Page Screenshot" library="SeleniumLibrary">
<arg>holamundo.png</arg>
<doc>Takes a screenshot of the current page and embeds it into a log file.</doc>
<msg timestamp="20220625 12:19:20.780" level="INFO" html="true">&lt;/td&gt;&lt;/tr&gt;&lt;tr&gt;&lt;td colspan="3"&gt;&lt;a href="holamundo.png"&gt;&lt;img src="holamundo.png" width="800px"&gt;&lt;/a&gt;</msg>
<status status="PASS" starttime="20220625 12:19:20.630" endtime="20220625 12:19:20.780"/>
</kw>
<kw name="Close Browser" library="SeleniumLibrary">
<doc>Closes the current browser.</doc>
<status status="PASS" starttime="20220625 12:19:20.780" endtime="20220625 12:19:23.018"/>
</kw>
<doc>hello world</doc>
<tag>Smoke</tag>
<status status="PASS" starttime="20220625 12:19:13.078" endtime="20220625 12:19:23.018"/>
</test>
<doc>holamundo</doc>
<status status="PASS" starttime="20220625 12:19:12.880" endtime="20220625 12:19:23.020"/>
</suite>
<statistics>
<total>
<stat pass="1" fail="0" skip="0">All Tests</stat>
</total>
<tag>
<stat pass="1" fail="0" skip="0">Smoke</stat>
</tag>
<suite>
<stat pass="1" fail="0" skip="0" id="s1" name="First">First</stat>
</suite>
</statistics>
<errors>
</errors>
</robot>
