<?xml version="1.0" encoding="UTF-8"?>
<robot generator="Robot 5.0.1 (Python 3.10.5 on win32)" generated="20220628 00:09:43.905" rpa="false" schemaversion="3">
<suite id="s1" name="byNIT" source="C:\Users\jeiso\Documents\GitHub\pruebatecnica\resources\byNIT.robot">
<test id="s1-t1" name="This is my test case" line="17">
<kw name="Open Browser" library="SeleniumLibrary">
<arg>${URL}</arg>
<arg>${Browser}</arg>
<doc>Opens a new browser instance to the optional ``url``.</doc>
<msg timestamp="20220628 00:09:44.332" level="INFO">Opening browser 'Edge' to base url 'https://www.einforma.co/buscador-empresas-empresarios'.</msg>
<status status="PASS" starttime="20220628 00:09:44.332" endtime="20220628 00:09:51.230"/>
</kw>
<kw name="Maximize Browser Window" library="SeleniumLibrary">
<doc>Maximizes current browser window.</doc>
<status status="PASS" starttime="20220628 00:09:51.231" endtime="20220628 00:09:51.387"/>
</kw>
<kw name="Wait Until Page Contains" library="SeleniumLibrary">
<arg>Buscar y verificar empresas por nombre</arg>
<doc>Waits until ``text`` appears on the current page.</doc>
<status status="PASS" starttime="20220628 00:09:51.388" endtime="20220628 00:09:51.406"/>
</kw>
<kw name="Input Text" library="SeleniumLibrary">
<arg>search</arg>
<arg>${companyNameSearch}</arg>
<doc>Types the given ``text`` into the text field identified by ``locator``.</doc>
<msg timestamp="20220628 00:09:51.408" level="INFO">Typing text '0000000000' into text field 'search'.</msg>
<status status="PASS" starttime="20220628 00:09:51.406" endtime="20220628 00:09:51.559"/>
</kw>
<kw name="Click Button" library="SeleniumLibrary">
<arg>xpath=//*[@id="buscador_cabecera"]/input[2]</arg>
<doc>Clicks the button identified by ``locator``.</doc>
<msg timestamp="20220628 00:09:51.561" level="INFO">Clicking button 'xpath=//*[@id="buscador_cabecera"]/input[2]'.</msg>
<status status="PASS" starttime="20220628 00:09:51.560" endtime="20220628 00:09:52.576"/>
</kw>
<kw name="Get Departamento Id" library="functions">
<var>${departamentoId}</var>
<arg>${departamento}</arg>
<msg timestamp="20220628 00:09:52.577" level="INFO">${departamentoId} = 1</msg>
<status status="PASS" starttime="20220628 00:09:52.577" endtime="20220628 00:09:52.577"/>
</kw>
<try>
<branch type="TRY">
<kw name="Wait Until Page Contains" library="SeleniumLibrary">
<arg>Información Básica</arg>
<doc>Waits until ``text`` appears on the current page.</doc>
<msg timestamp="20220628 00:09:57.707" level="INFO" html="true">&lt;/td&gt;&lt;/tr&gt;&lt;tr&gt;&lt;td colspan="3"&gt;&lt;a href="selenium-screenshot-4.png"&gt;&lt;img src="selenium-screenshot-4.png" width="800px"&gt;&lt;/a&gt;</msg>
<msg timestamp="20220628 00:09:57.707" level="FAIL">Text 'Información Básica' did not appear in 5 seconds.</msg>
<status status="FAIL" starttime="20220628 00:09:52.578" endtime="20220628 00:09:57.709"/>
</kw>
<status status="FAIL" starttime="20220628 00:09:52.577" endtime="20220628 00:09:57.709"/>
</branch>
<branch type="EXCEPT">
<kw name="Write No Results" library="functions">
<status status="PASS" starttime="20220628 00:09:57.709" endtime="20220628 00:09:57.710"/>
</kw>
<status status="PASS" starttime="20220628 00:09:57.709" endtime="20220628 00:09:57.710"/>
</branch>
<branch type="ELSE">
<kw name="Get Text" library="SeleniumLibrary">
<var>${nombre}</var>
<arg>xpath=//*[@id="imprimir"]/table/tbody/tr[3]/td[2]/a</arg>
<doc>Returns the text value of the element identified by ``locator``.</doc>
<status status="NOT RUN" starttime="20220628 00:09:57.710" endtime="20220628 00:09:57.710"/>
</kw>
<kw name="Get Element Attribute" library="SeleniumLibrary">
<var>${html_table}</var>
<arg>//*[@id="imprimir"]/table</arg>
<arg>outerHTML</arg>
<doc>Returns the value of ``attribute`` from the element ``locator``.</doc>
<status status="NOT RUN" starttime="20220628 00:09:57.710" endtime="20220628 00:09:57.710"/>
</kw>
<kw name="Process Table" library="functions">
<arg>${html_table}</arg>
<arg>${nombre}</arg>
<arg>${companyNameSearch}</arg>
<status status="NOT RUN" starttime="20220628 00:09:57.710" endtime="20220628 00:09:57.710"/>
</kw>
<kw name="To Lower" library="functions">
<var>${ssfilename}</var>
<arg>${nombre}</arg>
<status status="NOT RUN" starttime="20220628 00:09:57.710" endtime="20220628 00:09:57.710"/>
</kw>
<kw name="Capture Page Screenshot" library="SeleniumLibrary">
<arg>./screenshots/${ssfilename}.png</arg>
<doc>Takes a screenshot of the current page and embeds it into a log file.</doc>
<status status="NOT RUN" starttime="20220628 00:09:57.711" endtime="20220628 00:09:57.711"/>
</kw>
<kw name="Go Back" library="SeleniumLibrary">
<doc>Simulates the user clicking the back button on their browser.</doc>
<status status="NOT RUN" starttime="20220628 00:09:57.711" endtime="20220628 00:09:57.711"/>
</kw>
<status status="NOT RUN" starttime="20220628 00:09:57.710" endtime="20220628 00:09:57.711"/>
</branch>
<branch type="FINALLY">
<kw name="Close Browser" library="SeleniumLibrary">
<doc>Closes the current browser.</doc>
<status status="PASS" starttime="20220628 00:09:57.711" endtime="20220628 00:09:59.924"/>
</kw>
<status status="PASS" starttime="20220628 00:09:57.711" endtime="20220628 00:09:59.924"/>
</branch>
<status status="PASS" starttime="20220628 00:09:52.577" endtime="20220628 00:09:59.924"/>
</try>
<doc>hello world</doc>
<status status="PASS" starttime="20220628 00:09:44.330" endtime="20220628 00:09:59.925"/>
</test>
<doc>holamundo</doc>
<status status="PASS" starttime="20220628 00:09:43.907" endtime="20220628 00:09:59.928"/>
</suite>
<statistics>
<total>
<stat pass="1" fail="0" skip="0">All Tests</stat>
</total>
<tag>
</tag>
<suite>
<stat pass="1" fail="0" skip="0" id="s1" name="byNIT">byNIT</stat>
</suite>
</statistics>
<errors>
</errors>
</robot>
