<?xml version="1.0" encoding="UTF-8"?>
<robot generator="Robot 5.0.1 (Python 3.10.5 on win32)" generated="20220627 23:33:16.172" rpa="false" schemaversion="3">
<suite id="s1" name="byNIT" source="C:\Users\jeiso\Documents\GitHub\pruebatecnica\resources\byNIT.robot">
<test id="s1-t1" name="This is my test case" line="17">
<kw name="Open Browser" library="SeleniumLibrary">
<arg>${URL}</arg>
<arg>${Browser}</arg>
<doc>Opens a new browser instance to the optional ``url``.</doc>
<msg timestamp="20220627 23:33:16.443" level="INFO">Opening browser 'Edge' to base url 'https://www.einforma.co/buscador-empresas-empresarios'.</msg>
<status status="PASS" starttime="20220627 23:33:16.443" endtime="20220627 23:33:22.860"/>
</kw>
<kw name="Maximize Browser Window" library="SeleniumLibrary">
<doc>Maximizes current browser window.</doc>
<status status="PASS" starttime="20220627 23:33:22.861" endtime="20220627 23:33:22.983"/>
</kw>
<kw name="Wait Until Page Contains" library="SeleniumLibrary">
<arg>Buscar y verificar empresas por nombre</arg>
<doc>Waits until ``text`` appears on the current page.</doc>
<status status="PASS" starttime="20220627 23:33:22.983" endtime="20220627 23:33:22.999"/>
</kw>
<kw name="Input Text" library="SeleniumLibrary">
<arg>search</arg>
<arg>${companyNameSearch}</arg>
<doc>Types the given ``text`` into the text field identified by ``locator``.</doc>
<msg timestamp="20220627 23:33:23.001" level="INFO">Typing text '8909006088' into text field 'search'.</msg>
<status status="PASS" starttime="20220627 23:33:23.000" endtime="20220627 23:33:23.086"/>
</kw>
<kw name="Click Button" library="SeleniumLibrary">
<arg>xpath=//*[@id="buscador_cabecera"]/input[2]</arg>
<doc>Clicks the button identified by ``locator``.</doc>
<msg timestamp="20220627 23:33:23.086" level="INFO">Clicking button 'xpath=//*[@id="buscador_cabecera"]/input[2]'.</msg>
<status status="PASS" starttime="20220627 23:33:23.086" endtime="20220627 23:33:24.060"/>
</kw>
<kw name="Get Departamento Id" library="functions">
<var>${departamentoId}</var>
<arg>${departamento}</arg>
<msg timestamp="20220627 23:33:24.060" level="INFO">${departamentoId} = 1</msg>
<status status="PASS" starttime="20220627 23:33:24.060" endtime="20220627 23:33:24.060"/>
</kw>
<try>
<branch type="TRY">
<kw name="Wait Until Page Contains" library="SeleniumLibrary">
<arg>Información Básica</arg>
<doc>Waits until ``text`` appears on the current page.</doc>
<msg timestamp="20220627 23:33:29.398" level="INFO" html="true">&lt;/td&gt;&lt;/tr&gt;&lt;tr&gt;&lt;td colspan="3"&gt;&lt;a href="selenium-screenshot-1.png"&gt;&lt;img src="selenium-screenshot-1.png" width="800px"&gt;&lt;/a&gt;</msg>
<msg timestamp="20220627 23:33:29.399" level="FAIL">Text 'Información Básica' did not appear in 5 seconds.</msg>
<status status="FAIL" starttime="20220627 23:33:24.061" endtime="20220627 23:33:29.400"/>
</kw>
<status status="FAIL" starttime="20220627 23:33:24.061" endtime="20220627 23:33:29.400"/>
</branch>
<branch type="EXCEPT">
<kw name="Write No Results" library="functions">
<status status="PASS" starttime="20220627 23:33:29.401" endtime="20220627 23:33:29.401"/>
</kw>
<status status="PASS" starttime="20220627 23:33:29.401" endtime="20220627 23:33:29.401"/>
</branch>
<branch type="ELSE">
<kw name="Get Text" library="SeleniumLibrary">
<var>${nombre}</var>
<arg>xpath=//*[@id="imprimir"]/table/tbody/tr[3]/td[2]/a</arg>
<doc>Returns the text value of the element identified by ``locator``.</doc>
<status status="NOT RUN" starttime="20220627 23:33:29.402" endtime="20220627 23:33:29.402"/>
</kw>
<kw name="Get Element Attribute" library="SeleniumLibrary">
<var>${html_table}</var>
<arg>//*[@id="imprimir"]/table</arg>
<arg>outerHTML</arg>
<doc>Returns the value of ``attribute`` from the element ``locator``.</doc>
<status status="NOT RUN" starttime="20220627 23:33:29.402" endtime="20220627 23:33:29.402"/>
</kw>
<kw name="Process Table" library="functions">
<arg>${html_table}</arg>
<arg>${nombre}</arg>
<arg>${companyNameSearch}</arg>
<status status="NOT RUN" starttime="20220627 23:33:29.402" endtime="20220627 23:33:29.402"/>
</kw>
<kw name="To Lower" library="functions">
<var>${ssfilename}</var>
<arg>${nombre}</arg>
<status status="NOT RUN" starttime="20220627 23:33:29.402" endtime="20220627 23:33:29.402"/>
</kw>
<kw name="Capture Page Screenshot" library="SeleniumLibrary">
<arg>./screenshots/${ssfilename}.png</arg>
<doc>Takes a screenshot of the current page and embeds it into a log file.</doc>
<status status="NOT RUN" starttime="20220627 23:33:29.402" endtime="20220627 23:33:29.402"/>
</kw>
<kw name="Go Back" library="SeleniumLibrary">
<doc>Simulates the user clicking the back button on their browser.</doc>
<status status="NOT RUN" starttime="20220627 23:33:29.402" endtime="20220627 23:33:29.402"/>
</kw>
<status status="NOT RUN" starttime="20220627 23:33:29.401" endtime="20220627 23:33:29.402"/>
</branch>
<branch type="FINALLY">
<kw name="Close Browser" library="SeleniumLibrary">
<doc>Closes the current browser.</doc>
<status status="PASS" starttime="20220627 23:33:29.403" endtime="20220627 23:33:31.545"/>
</kw>
<status status="PASS" starttime="20220627 23:33:29.403" endtime="20220627 23:33:31.546"/>
</branch>
<status status="PASS" starttime="20220627 23:33:24.061" endtime="20220627 23:33:31.546"/>
</try>
<doc>hello world</doc>
<status status="PASS" starttime="20220627 23:33:16.442" endtime="20220627 23:33:31.546"/>
</test>
<doc>holamundo</doc>
<status status="PASS" starttime="20220627 23:33:16.174" endtime="20220627 23:33:31.549"/>
</suite>
<statistics>
<total>
<stat pass="1" fail="0" skip="0">All Tests</stat>
</total>
<tag>
</tag>
<suite>
<stat pass="1" fail="0" skip="0" id="s1" name="byNIT">byNIT</stat>
</suite>
</statistics>
<errors>
</errors>
</robot>
