<?xml version="1.0" encoding="UTF-8"?>
<robot generator="Robot 5.0.1 (Python 3.10.5 on win32)" generated="20220627 22:44:56.228" rpa="false" schemaversion="3">
<suite id="s1" name="byName" source="C:\Users\jeiso\Documents\GitHub\pruebatecnica\resources\byName.robot">
<test id="s1-t1" name="This is my test case" line="17">
<kw name="Open Browser" library="SeleniumLibrary">
<arg>${URL}</arg>
<arg>${Browser}</arg>
<doc>Opens a new browser instance to the optional ``url``.</doc>
<msg timestamp="20220627 22:44:56.512" level="INFO">Opening browser 'Edge' to base url 'https://www.einforma.co/buscador-empresas-empresarios'.</msg>
<status status="PASS" starttime="20220627 22:44:56.511" endtime="20220627 22:45:03.440"/>
</kw>
<kw name="Maximize Browser Window" library="SeleniumLibrary">
<doc>Maximizes current browser window.</doc>
<status status="PASS" starttime="20220627 22:45:03.440" endtime="20220627 22:45:03.565"/>
</kw>
<kw name="Wait Until Page Contains" library="SeleniumLibrary">
<arg>Buscar y verificar empresas por nombre</arg>
<doc>Waits until ``text`` appears on the current page.</doc>
<status status="PASS" starttime="20220627 22:45:03.566" endtime="20220627 22:45:03.583"/>
</kw>
<kw name="Input Text" library="SeleniumLibrary">
<arg>search</arg>
<arg>${companyNameSearch}</arg>
<doc>Types the given ``text`` into the text field identified by ``locator``.</doc>
<msg timestamp="20220627 22:45:03.583" level="INFO">Typing text 'Olimpica' into text field 'search'.</msg>
<status status="PASS" starttime="20220627 22:45:03.583" endtime="20220627 22:45:03.664"/>
</kw>
<kw name="Click Button" library="SeleniumLibrary">
<arg>xpath=//*[@id="buscador_cabecera"]/input[2]</arg>
<doc>Clicks the button identified by ``locator``.</doc>
<msg timestamp="20220627 22:45:03.666" level="INFO">Clicking button 'xpath=//*[@id="buscador_cabecera"]/input[2]'.</msg>
<status status="PASS" starttime="20220627 22:45:03.665" endtime="20220627 22:45:04.658"/>
</kw>
<kw name="Wait Until Page Contains" library="SeleniumLibrary">
<arg>Resultados de búsqueda</arg>
<doc>Waits until ``text`` appears on the current page.</doc>
<status status="PASS" starttime="20220627 22:45:04.659" endtime="20220627 22:45:04.672"/>
</kw>
<kw name="Get Text" library="SeleniumLibrary">
<var>${resultsText}</var>
<arg>xpath=//*[@id="a_nacional"]</arg>
<doc>Returns the text value of the element identified by ``locator``.</doc>
<msg timestamp="20220627 22:45:04.695" level="INFO">${resultsText} = Empresas y Empresarios (80)</msg>
<status status="PASS" starttime="20220627 22:45:04.672" endtime="20220627 22:45:04.695"/>
</kw>
<kw name="Get Number Results" library="functions">
<var>${numberResults}</var>
<arg>${resultsText}</arg>
<msg timestamp="20220627 22:45:04.696" level="INFO">NUMBER OF RESLTS: 80</msg>
<msg timestamp="20220627 22:45:04.696" level="INFO">${numberResults} = 80</msg>
<status status="PASS" starttime="20220627 22:45:04.696" endtime="20220627 22:45:04.696"/>
</kw>
<if>
<branch type="IF" condition="${numberResults} == 0">
<kw name="Write No Results" library="functions">
<status status="NOT RUN" starttime="20220627 22:45:04.697" endtime="20220627 22:45:04.697"/>
</kw>
<kw name="Close Browser" library="SeleniumLibrary">
<doc>Closes the current browser.</doc>
<status status="NOT RUN" starttime="20220627 22:45:04.697" endtime="20220627 22:45:04.697"/>
</kw>
<status status="NOT RUN" starttime="20220627 22:45:04.697" endtime="20220627 22:45:04.697"/>
</branch>
<branch type="ELSE">
<kw name="Get Departamento Id" library="functions">
<var>${departamentoId}</var>
<arg>${departamento}</arg>
<msg timestamp="20220627 22:45:04.698" level="INFO">${departamentoId} = 2</msg>
<status status="PASS" starttime="20220627 22:45:04.698" endtime="20220627 22:45:04.698"/>
</kw>
<kw name="Click Element" library="SeleniumLibrary">
<arg>xpath=//*[@id="PROVINCIA"]/option[${departamentoId}]</arg>
<doc>Click the element identified by ``locator``.</doc>
<msg timestamp="20220627 22:45:04.699" level="INFO">Clicking element 'xpath=//*[@id="PROVINCIA"]/option[2]'.</msg>
<status status="PASS" starttime="20220627 22:45:04.698" endtime="20220627 22:45:05.381"/>
</kw>
<for flavor="IN RANGE">
<var>${counter}</var>
<value>1</value>
<value>${n}+1</value>
<value>1</value>
<iter>
<var name="${counter}">1</var>
<kw name="Get Text" library="SeleniumLibrary">
<var>${resultsText}</var>
<arg>xpath://*[@id="a_nacional"]</arg>
<doc>Returns the text value of the element identified by ``locator``.</doc>
<msg timestamp="20220627 22:45:05.401" level="INFO">${resultsText} = Empresas y Empresarios (0)</msg>
<status status="PASS" starttime="20220627 22:45:05.381" endtime="20220627 22:45:05.401"/>
</kw>
<kw name="Wait Until Page Contains" library="SeleniumLibrary">
<arg>Denominación</arg>
<doc>Waits until ``text`` appears on the current page.</doc>
<msg timestamp="20220627 22:45:10.738" level="INFO" html="true">&lt;/td&gt;&lt;/tr&gt;&lt;tr&gt;&lt;td colspan="3"&gt;&lt;a href="selenium-screenshot-4.png"&gt;&lt;img src="selenium-screenshot-4.png" width="800px"&gt;&lt;/a&gt;</msg>
<msg timestamp="20220627 22:45:10.738" level="FAIL">Text 'Denominación' did not appear in 5 seconds.</msg>
<status status="FAIL" starttime="20220627 22:45:05.401" endtime="20220627 22:45:10.739"/>
</kw>
<kw name="Get Page" library="functions">
<var>${page}</var>
<arg>${counter}</arg>
<status status="NOT RUN" starttime="20220627 22:45:10.739" endtime="20220627 22:45:10.740"/>
</kw>
<kw name="Get Index Company" library="functions">
<var>${indexCompany}</var>
<arg>${counter}</arg>
<status status="NOT RUN" starttime="20220627 22:45:10.740" endtime="20220627 22:45:10.740"/>
</kw>
<kw name="Click Element" library="SeleniumLibrary">
<arg>xpath=//*[@id="nacional"]/div[3]/div/div[2]/ul/li[${page}]</arg>
<doc>Click the element identified by ``locator``.</doc>
<status status="NOT RUN" starttime="20220627 22:45:10.740" endtime="20220627 22:45:10.740"/>
</kw>
<kw name="Sleep" library="BuiltIn">
<arg>2s</arg>
<doc>Pauses the test executed for the given time.</doc>
<status status="NOT RUN" starttime="20220627 22:45:10.740" endtime="20220627 22:45:10.740"/>
</kw>
<kw name="Click Element" library="SeleniumLibrary">
<arg>xpath=//*[@id="nacional"]/tbody/tr[${indexCompany}]</arg>
<doc>Click the element identified by ``locator``.</doc>
<status status="NOT RUN" starttime="20220627 22:45:10.740" endtime="20220627 22:45:10.740"/>
</kw>
<kw name="Get Text" library="SeleniumLibrary">
<var>${nombre}</var>
<arg>xpath=//*[@id="titInner"]/div[1]/ul/li[5]</arg>
<doc>Returns the text value of the element identified by ``locator``.</doc>
<status status="NOT RUN" starttime="20220627 22:45:10.740" endtime="20220627 22:45:10.740"/>
</kw>
<kw name="Get Element Attribute" library="SeleniumLibrary">
<var>${html_table}</var>
<arg>//*[@id="imprimir"]/table</arg>
<arg>outerHTML</arg>
<doc>Returns the value of ``attribute`` from the element ``locator``.</doc>
<status status="NOT RUN" starttime="20220627 22:45:10.740" endtime="20220627 22:45:10.740"/>
</kw>
<kw name="Process Table" library="functions">
<arg>${html_table}</arg>
<arg>${nombre}</arg>
<status status="NOT RUN" starttime="20220627 22:45:10.741" endtime="20220627 22:45:10.741"/>
</kw>
<kw name="To Lower" library="functions">
<var>${ssfilename}</var>
<arg>${nombre}</arg>
<status status="NOT RUN" starttime="20220627 22:45:10.741" endtime="20220627 22:45:10.741"/>
</kw>
<kw name="Capture Page Screenshot" library="SeleniumLibrary">
<arg>./screenshots/${ssfilename}.png</arg>
<doc>Takes a screenshot of the current page and embeds it into a log file.</doc>
<status status="NOT RUN" starttime="20220627 22:45:10.741" endtime="20220627 22:45:10.741"/>
</kw>
<kw name="Go Back" library="SeleniumLibrary">
<doc>Simulates the user clicking the back button on their browser.</doc>
<status status="NOT RUN" starttime="20220627 22:45:10.741" endtime="20220627 22:45:10.741"/>
</kw>
<status status="FAIL" starttime="20220627 22:45:05.381" endtime="20220627 22:45:10.741"/>
</iter>
<status status="FAIL" starttime="20220627 22:45:05.381" endtime="20220627 22:45:10.741"/>
</for>
<kw name="Close Browser" library="SeleniumLibrary">
<doc>Closes the current browser.</doc>
<status status="NOT RUN" starttime="20220627 22:45:10.742" endtime="20220627 22:45:10.742"/>
</kw>
<status status="FAIL" starttime="20220627 22:45:04.697" endtime="20220627 22:45:10.742"/>
</branch>
<status status="FAIL" starttime="20220627 22:45:04.697" endtime="20220627 22:45:10.742"/>
</if>
<doc>hello world</doc>
<status status="FAIL" starttime="20220627 22:44:56.511" endtime="20220627 22:45:10.743">Text 'Denominación' did not appear in 5 seconds.</status>
</test>
<doc>holamundo</doc>
<status status="FAIL" starttime="20220627 22:44:56.230" endtime="20220627 22:45:10.745"/>
</suite>
<statistics>
<total>
<stat pass="0" fail="1" skip="0">All Tests</stat>
</total>
<tag>
</tag>
<suite>
<stat pass="0" fail="1" skip="0" id="s1" name="byName">byName</stat>
</suite>
</statistics>
<errors>
</errors>
</robot>
