<?xml version="1.0" encoding="UTF-8"?>
<robot generator="Robot 5.0.1 (Python 3.10.5 on win32)" generated="20220627 21:19:44.574" rpa="false" schemaversion="3">
<suite id="s1" name="First" source="C:\Users\jeiso\Documents\GitHub\pruebatecnica\resources\first.robot">
<test id="s1-t1" name="This is my test case" line="17">
<kw name="Open Browser" library="SeleniumLibrary">
<arg>${URL}</arg>
<arg>${Browser}</arg>
<doc>Opens a new browser instance to the optional ``url``.</doc>
<msg timestamp="20220627 21:19:44.870" level="INFO">Opening browser 'Edge' to base url 'https://www.einforma.co/buscador-empresas-empresarios'.</msg>
<status status="PASS" starttime="20220627 21:19:44.869" endtime="20220627 21:19:51.305"/>
</kw>
<kw name="Maximize Browser Window" library="SeleniumLibrary">
<doc>Maximizes current browser window.</doc>
<status status="PASS" starttime="20220627 21:19:51.306" endtime="20220627 21:19:51.430"/>
</kw>
<kw name="Wait Until Page Contains" library="SeleniumLibrary">
<arg>Buscar y verificar empresas por nombre</arg>
<doc>Waits until ``text`` appears on the current page.</doc>
<status status="PASS" starttime="20220627 21:19:51.431" endtime="20220627 21:19:51.455"/>
</kw>
<kw name="Input Text" library="SeleniumLibrary">
<arg>search</arg>
<arg>${companyNameSearch}</arg>
<doc>Types the given ``text`` into the text field identified by ``locator``.</doc>
<msg timestamp="20220627 21:19:51.456" level="INFO">Typing text 'Olimpica' into text field 'search'.</msg>
<status status="PASS" starttime="20220627 21:19:51.456" endtime="20220627 21:19:51.546"/>
</kw>
<kw name="Click Button" library="SeleniumLibrary">
<arg>xpath=//*[@id="buscador_cabecera"]/input[2]</arg>
<doc>Clicks the button identified by ``locator``.</doc>
<msg timestamp="20220627 21:19:51.548" level="INFO">Clicking button 'xpath=//*[@id="buscador_cabecera"]/input[2]'.</msg>
<status status="PASS" starttime="20220627 21:19:51.547" endtime="20220627 21:19:52.591"/>
</kw>
<kw name="Wait Until Page Contains" library="SeleniumLibrary">
<arg>Resultados de búsqueda</arg>
<doc>Waits until ``text`` appears on the current page.</doc>
<status status="PASS" starttime="20220627 21:19:52.591" endtime="20220627 21:19:52.605"/>
</kw>
<kw name="Get Text" library="SeleniumLibrary">
<var>${resultsText}</var>
<arg>xpath=//*[@id="a_nacional"]</arg>
<doc>Returns the text value of the element identified by ``locator``.</doc>
<msg timestamp="20220627 21:19:52.627" level="INFO">${resultsText} = Empresas y Empresarios (80)</msg>
<status status="PASS" starttime="20220627 21:19:52.606" endtime="20220627 21:19:52.627"/>
</kw>
<kw name="Get Number Results" library="functions">
<var>${numberResults}</var>
<arg>${resultsText}</arg>
<msg timestamp="20220627 21:19:52.628" level="INFO">${numberResults} = 80</msg>
<status status="PASS" starttime="20220627 21:19:52.628" endtime="20220627 21:19:52.628"/>
</kw>
<if>
<branch type="IF" condition="${numberResults} == 0">
<kw name="Close Browser" library="SeleniumLibrary">
<doc>Closes the current browser.</doc>
<status status="NOT RUN" starttime="20220627 21:19:52.629" endtime="20220627 21:19:52.629"/>
</kw>
<status status="NOT RUN" starttime="20220627 21:19:52.628" endtime="20220627 21:19:52.629"/>
</branch>
<branch type="ELSE">
<kw name="Get Departamento Id" library="functions">
<var>${departamentoId}</var>
<arg>${departamento}</arg>
<msg timestamp="20220627 21:19:52.629" level="INFO">${departamentoId} = 16</msg>
<status status="PASS" starttime="20220627 21:19:52.629" endtime="20220627 21:19:52.629"/>
</kw>
<kw name="Click Element" library="SeleniumLibrary">
<arg>xpath=//*[@id="PROVINCIA"]/option[${departamentoId}]</arg>
<doc>Click the element identified by ``locator``.</doc>
<msg timestamp="20220627 21:19:52.629" level="INFO">Clicking element 'xpath=//*[@id="PROVINCIA"]/option[16]'.</msg>
<status status="PASS" starttime="20220627 21:19:52.629" endtime="20220627 21:19:53.324"/>
</kw>
<for flavor="IN RANGE">
<var>${counter}</var>
<value>1</value>
<value>${n}+1</value>
<value>1</value>
<iter>
<var name="${counter}">1</var>
<kw name="Get Text" library="SeleniumLibrary">
<var>${resultsText}</var>
<arg>xpath://*[@id="a_nacional"]</arg>
<doc>Returns the text value of the element identified by ``locator``.</doc>
<msg timestamp="20220627 21:19:53.342" level="INFO">${resultsText} = Empresas y Empresarios (4)</msg>
<status status="PASS" starttime="20220627 21:19:53.324" endtime="20220627 21:19:53.342"/>
</kw>
<kw name="Wait Until Page Contains" library="SeleniumLibrary">
<arg>Denominación</arg>
<doc>Waits until ``text`` appears on the current page.</doc>
<status status="PASS" starttime="20220627 21:19:53.342" endtime="20220627 21:19:53.364"/>
</kw>
<kw name="Get Page" library="functions">
<var>${page}</var>
<arg>${counter}</arg>
<msg timestamp="20220627 21:19:53.365" level="INFO">${page} = 2</msg>
<status status="PASS" starttime="20220627 21:19:53.364" endtime="20220627 21:19:53.365"/>
</kw>
<kw name="Get Index Company" library="functions">
<var>${indexCompany}</var>
<arg>${counter}</arg>
<msg timestamp="20220627 21:19:53.365" level="INFO">${indexCompany} = 1</msg>
<status status="PASS" starttime="20220627 21:19:53.365" endtime="20220627 21:19:53.365"/>
</kw>
<kw name="Click Element" library="SeleniumLibrary">
<arg>xpath=//*[@id="nacional"]/div[3]/div/div[2]/ul/li[${page}]</arg>
<doc>Click the element identified by ``locator``.</doc>
<msg timestamp="20220627 21:19:53.365" level="INFO">Clicking element 'xpath=//*[@id="nacional"]/div[3]/div/div[2]/ul/li[2]'.</msg>
<status status="PASS" starttime="20220627 21:19:53.365" endtime="20220627 21:19:53.406"/>
</kw>
<kw name="Sleep" library="BuiltIn">
<arg>2s</arg>
<doc>Pauses the test executed for the given time.</doc>
<msg timestamp="20220627 21:19:55.413" level="INFO">Slept 2 seconds</msg>
<status status="PASS" starttime="20220627 21:19:53.406" endtime="20220627 21:19:55.413"/>
</kw>
<kw name="Click Element" library="SeleniumLibrary">
<arg>xpath=//*[@id="nacional"]/tbody/tr[${indexCompany}]</arg>
<doc>Click the element identified by ``locator``.</doc>
<msg timestamp="20220627 21:19:55.414" level="INFO">Clicking element 'xpath=//*[@id="nacional"]/tbody/tr[1]'.</msg>
<status status="PASS" starttime="20220627 21:19:55.414" endtime="20220627 21:19:56.117"/>
</kw>
<kw name="Get Text" library="SeleniumLibrary">
<var>${nombre}</var>
<arg>xpath=//*[@id="titInner"]/div[1]/ul/li[5]</arg>
<doc>Returns the text value of the element identified by ``locator``.</doc>
<msg timestamp="20220627 21:19:56.144" level="INFO">${nombre} = / DROGUERIA OLIMPICA</msg>
<status status="PASS" starttime="20220627 21:19:56.118" endtime="20220627 21:19:56.144"/>
</kw>
<kw name="Get Element Attribute" library="SeleniumLibrary">
<var>${html_table}</var>
<arg>//*[@id="imprimir"]/table</arg>
<arg>outerHTML</arg>
<doc>Returns the value of ``attribute`` from the element ``locator``.</doc>
<msg timestamp="20220627 21:19:56.179" level="INFO">${html_table} = &lt;table align="center" cellpadding="0" cellspacing="0"&gt;&lt;tbody&gt;&lt;tr&gt;&lt;td class="tit_ficha" colspan="2"&gt;&lt;div class="seccion"&gt;Información Básica&lt;span&gt;&lt;img src="/templates/web/_img/_gfx/carpeta.gif"&gt;&lt;/span&gt;&lt;...</msg>
<status status="PASS" starttime="20220627 21:19:56.144" endtime="20220627 21:19:56.179"/>
</kw>
<kw name="Process Table" library="functions">
<arg>${html_table}</arg>
<arg>${nombre}</arg>
<msg timestamp="20220627 21:19:56.187" level="INFO">utf-8</msg>
<status status="PASS" starttime="20220627 21:19:56.179" endtime="20220627 21:19:56.187"/>
</kw>
<kw name="To Lower" library="functions">
<var>${ssfilename}</var>
<arg>${nombre}</arg>
<msg timestamp="20220627 21:19:56.187" level="INFO">${ssfilename} = /drogueriaolimpica</msg>
<status status="PASS" starttime="20220627 21:19:56.187" endtime="20220627 21:19:56.188"/>
</kw>
<kw name="Capture Page Screenshot" library="SeleniumLibrary">
<arg>./screenshots/${ssfilename}.png</arg>
<doc>Takes a screenshot of the current page and embeds it into a log file.</doc>
<msg timestamp="20220627 21:19:56.351" level="INFO" html="true">&lt;/td&gt;&lt;/tr&gt;&lt;tr&gt;&lt;td colspan="3"&gt;&lt;a href="screenshots/drogueriaolimpica.png"&gt;&lt;img src="screenshots/drogueriaolimpica.png" width="800px"&gt;&lt;/a&gt;</msg>
<status status="PASS" starttime="20220627 21:19:56.188" endtime="20220627 21:19:56.351"/>
</kw>
<kw name="Go Back" library="SeleniumLibrary">
<doc>Simulates the user clicking the back button on their browser.</doc>
<status status="PASS" starttime="20220627 21:19:56.351" endtime="20220627 21:19:56.751"/>
</kw>
<status status="PASS" starttime="20220627 21:19:53.324" endtime="20220627 21:19:56.751"/>
</iter>
<status status="PASS" starttime="20220627 21:19:53.324" endtime="20220627 21:19:56.751"/>
</for>
<kw name="Close Browser" library="SeleniumLibrary">
<doc>Closes the current browser.</doc>
<status status="PASS" starttime="20220627 21:19:56.751" endtime="20220627 21:19:58.857"/>
</kw>
<status status="PASS" starttime="20220627 21:19:52.629" endtime="20220627 21:19:58.857"/>
</branch>
<status status="PASS" starttime="20220627 21:19:52.628" endtime="20220627 21:19:58.857"/>
</if>
<doc>hello world</doc>
<status status="PASS" starttime="20220627 21:19:44.868" endtime="20220627 21:19:58.858"/>
</test>
<doc>holamundo</doc>
<status status="PASS" starttime="20220627 21:19:44.576" endtime="20220627 21:19:58.860"/>
</suite>
<statistics>
<total>
<stat pass="1" fail="0" skip="0">All Tests</stat>
</total>
<tag>
</tag>
<suite>
<stat pass="1" fail="0" skip="0" id="s1" name="First">First</stat>
</suite>
</statistics>
<errors>
</errors>
</robot>
