<?xml version="1.0" encoding="UTF-8"?>
<robot generator="Robot 5.0.1 (Python 3.10.5 on win32)" generated="20220627 21:33:03.199" rpa="false" schemaversion="3">
<suite id="s1" name="First" source="C:\Users\jeiso\Documents\GitHub\pruebatecnica\resources\first.robot">
<test id="s1-t1" name="This is my test case" line="17">
<kw name="Open Browser" library="SeleniumLibrary">
<arg>${URL}</arg>
<arg>${Browser}</arg>
<doc>Opens a new browser instance to the optional ``url``.</doc>
<msg timestamp="20220627 21:33:03.533" level="INFO">Opening browser 'Edge' to base url 'https://www.einforma.co/buscador-empresas-empresarios'.</msg>
<status status="PASS" starttime="20220627 21:33:03.532" endtime="20220627 21:33:10.914"/>
</kw>
<kw name="Maximize Browser Window" library="SeleniumLibrary">
<doc>Maximizes current browser window.</doc>
<status status="PASS" starttime="20220627 21:33:10.914" endtime="20220627 21:33:11.044"/>
</kw>
<kw name="Wait Until Page Contains" library="SeleniumLibrary">
<arg>Buscar y verificar empresas por nombre</arg>
<doc>Waits until ``text`` appears on the current page.</doc>
<status status="PASS" starttime="20220627 21:33:11.045" endtime="20220627 21:33:11.062"/>
</kw>
<kw name="Input Text" library="SeleniumLibrary">
<arg>search</arg>
<arg>${companyNameSearch}</arg>
<doc>Types the given ``text`` into the text field identified by ``locator``.</doc>
<msg timestamp="20220627 21:33:11.063" level="INFO">Typing text 'Olimpica' into text field 'search'.</msg>
<status status="PASS" starttime="20220627 21:33:11.062" endtime="20220627 21:33:11.177"/>
</kw>
<kw name="Click Button" library="SeleniumLibrary">
<arg>xpath=//*[@id="buscador_cabecera"]/input[2]</arg>
<doc>Clicks the button identified by ``locator``.</doc>
<msg timestamp="20220627 21:33:11.179" level="INFO">Clicking button 'xpath=//*[@id="buscador_cabecera"]/input[2]'.</msg>
<status status="PASS" starttime="20220627 21:33:11.178" endtime="20220627 21:33:13.326"/>
</kw>
<kw name="Wait Until Page Contains" library="SeleniumLibrary">
<arg>Resultados de búsqueda</arg>
<doc>Waits until ``text`` appears on the current page.</doc>
<status status="PASS" starttime="20220627 21:33:13.326" endtime="20220627 21:33:13.338"/>
</kw>
<kw name="Get Text" library="SeleniumLibrary">
<var>${resultsText}</var>
<arg>xpath=//*[@id="a_nacional"]</arg>
<doc>Returns the text value of the element identified by ``locator``.</doc>
<msg timestamp="20220627 21:33:13.366" level="INFO">${resultsText} = Empresas y Empresarios (80)</msg>
<status status="PASS" starttime="20220627 21:33:13.339" endtime="20220627 21:33:13.366"/>
</kw>
<kw name="Get Number Results" library="functions">
<var>${numberResults}</var>
<arg>${resultsText}</arg>
<msg timestamp="20220627 21:33:13.367" level="INFO">${numberResults} = 80</msg>
<status status="PASS" starttime="20220627 21:33:13.366" endtime="20220627 21:33:13.367"/>
</kw>
<if>
<branch type="IF" condition="${numberResults} == 0">
<kw name="Write No Results" library="functions">
<status status="NOT RUN" starttime="20220627 21:33:13.367" endtime="20220627 21:33:13.367"/>
</kw>
<kw name="Close Browser" library="SeleniumLibrary">
<doc>Closes the current browser.</doc>
<status status="NOT RUN" starttime="20220627 21:33:13.367" endtime="20220627 21:33:13.367"/>
</kw>
<status status="NOT RUN" starttime="20220627 21:33:13.367" endtime="20220627 21:33:13.367"/>
</branch>
<branch type="ELSE">
<kw name="Get Departamento Id" library="functions">
<var>${departamentoId}</var>
<arg>${departamento}</arg>
<msg timestamp="20220627 21:33:13.368" level="INFO">${departamentoId} = 1</msg>
<status status="PASS" starttime="20220627 21:33:13.368" endtime="20220627 21:33:13.368"/>
</kw>
<kw name="Click Element" library="SeleniumLibrary">
<arg>xpath=//*[@id="PROVINCIA"]/option[${departamentoId}]</arg>
<doc>Click the element identified by ``locator``.</doc>
<msg timestamp="20220627 21:33:13.368" level="INFO">Clicking element 'xpath=//*[@id="PROVINCIA"]/option[1]'.</msg>
<status status="PASS" starttime="20220627 21:33:13.368" endtime="20220627 21:33:13.406"/>
</kw>
<for flavor="IN RANGE">
<var>${counter}</var>
<value>1</value>
<value>${n}+1</value>
<value>1</value>
<iter>
<var name="${counter}">1</var>
<kw name="Get Text" library="SeleniumLibrary">
<var>${resultsText}</var>
<arg>xpath://*[@id="a_nacional"]</arg>
<doc>Returns the text value of the element identified by ``locator``.</doc>
<msg timestamp="20220627 21:33:13.424" level="INFO">${resultsText} = Empresas y Empresarios (80)</msg>
<status status="PASS" starttime="20220627 21:33:13.408" endtime="20220627 21:33:13.424"/>
</kw>
<kw name="Wait Until Page Contains" library="SeleniumLibrary">
<arg>Denominación</arg>
<doc>Waits until ``text`` appears on the current page.</doc>
<status status="PASS" starttime="20220627 21:33:13.425" endtime="20220627 21:33:13.438"/>
</kw>
<kw name="Get Page" library="functions">
<var>${page}</var>
<arg>${counter}</arg>
<msg timestamp="20220627 21:33:13.439" level="INFO">${page} = 2</msg>
<status status="PASS" starttime="20220627 21:33:13.438" endtime="20220627 21:33:13.439"/>
</kw>
<kw name="Get Index Company" library="functions">
<var>${indexCompany}</var>
<arg>${counter}</arg>
<msg timestamp="20220627 21:33:13.439" level="INFO">${indexCompany} = 1</msg>
<status status="PASS" starttime="20220627 21:33:13.439" endtime="20220627 21:33:13.439"/>
</kw>
<kw name="Click Element" library="SeleniumLibrary">
<arg>xpath=//*[@id="nacional"]/div[3]/div/div[2]/ul/li[${page}]</arg>
<doc>Click the element identified by ``locator``.</doc>
<msg timestamp="20220627 21:33:13.440" level="INFO">Clicking element 'xpath=//*[@id="nacional"]/div[3]/div/div[2]/ul/li[2]'.</msg>
<status status="PASS" starttime="20220627 21:33:13.439" endtime="20220627 21:33:13.485"/>
</kw>
<kw name="Sleep" library="BuiltIn">
<arg>2s</arg>
<doc>Pauses the test executed for the given time.</doc>
<msg timestamp="20220627 21:33:15.486" level="INFO">Slept 2 seconds</msg>
<status status="PASS" starttime="20220627 21:33:13.485" endtime="20220627 21:33:15.486"/>
</kw>
<kw name="Click Element" library="SeleniumLibrary">
<arg>xpath=//*[@id="nacional"]/tbody/tr[${indexCompany}]</arg>
<doc>Click the element identified by ``locator``.</doc>
<msg timestamp="20220627 21:33:15.486" level="INFO">Clicking element 'xpath=//*[@id="nacional"]/tbody/tr[1]'.</msg>
<status status="PASS" starttime="20220627 21:33:15.486" endtime="20220627 21:33:16.759"/>
</kw>
<kw name="Get Text" library="SeleniumLibrary">
<var>${nombre}</var>
<arg>xpath=//*[@id="titInner"]/div[1]/ul/li[5]</arg>
<doc>Returns the text value of the element identified by ``locator``.</doc>
<msg timestamp="20220627 21:33:16.793" level="INFO">${nombre} = / GRAFICAS OLIMPICA S A S</msg>
<status status="PASS" starttime="20220627 21:33:16.760" endtime="20220627 21:33:16.793"/>
</kw>
<kw name="Get Element Attribute" library="SeleniumLibrary">
<var>${html_table}</var>
<arg>//*[@id="imprimir"]/table</arg>
<arg>outerHTML</arg>
<doc>Returns the value of ``attribute`` from the element ``locator``.</doc>
<msg timestamp="20220627 21:33:16.827" level="INFO">${html_table} = &lt;table align="center" cellpadding="0" cellspacing="0"&gt;&lt;tbody&gt;&lt;tr&gt;&lt;td class="tit_ficha" colspan="2"&gt;&lt;div class="seccion"&gt;Información Básica&lt;span&gt;&lt;img src="/templates/web/_img/_gfx/carpeta.gif"&gt;&lt;/span&gt;&lt;...</msg>
<status status="PASS" starttime="20220627 21:33:16.793" endtime="20220627 21:33:16.827"/>
</kw>
<kw name="Process Table" library="functions">
<arg>${html_table}</arg>
<arg>${nombre}</arg>
<msg timestamp="20220627 21:33:16.836" level="INFO">utf-8</msg>
<msg timestamp="20220627 21:33:16.837" level="INFO">C:\Users\jeiso\Documents\GitHub\pruebatecnica\resources\functions.py:73: GuessedAtParserWarning: No parser was explicitly specified, so I'm using the best available HTML parser for this system ("html.parser"). This usually isn't a problem, but if you run this code on another system, or in a different virtual environment, it may use a different parser and behave differently.

The code that caused this warning is on line 73 of the file C:\Users\jeiso\Documents\GitHub\pruebatecnica\resources\functions.py. To get rid of this warning, pass the additional argument 'features="html.parser"' to the BeautifulSoup constructor.

  for row in BeautifulSoup(html)("tr")]</msg>
<status status="PASS" starttime="20220627 21:33:16.827" endtime="20220627 21:33:16.846"/>
</kw>
<kw name="To Lower" library="functions">
<var>${ssfilename}</var>
<arg>${nombre}</arg>
<msg timestamp="20220627 21:33:16.850" level="INFO">${ssfilename} = /graficasolimpicasas</msg>
<status status="PASS" starttime="20220627 21:33:16.848" endtime="20220627 21:33:16.850"/>
</kw>
<kw name="Capture Page Screenshot" library="SeleniumLibrary">
<arg>./screenshots/${ssfilename}.png</arg>
<doc>Takes a screenshot of the current page and embeds it into a log file.</doc>
<msg timestamp="20220627 21:33:17.023" level="INFO" html="true">&lt;/td&gt;&lt;/tr&gt;&lt;tr&gt;&lt;td colspan="3"&gt;&lt;a href="screenshots/graficasolimpicasas.png"&gt;&lt;img src="screenshots/graficasolimpicasas.png" width="800px"&gt;&lt;/a&gt;</msg>
<status status="PASS" starttime="20220627 21:33:16.850" endtime="20220627 21:33:17.023"/>
</kw>
<kw name="Go Back" library="SeleniumLibrary">
<doc>Simulates the user clicking the back button on their browser.</doc>
<status status="PASS" starttime="20220627 21:33:17.023" endtime="20220627 21:33:18.535"/>
</kw>
<status status="PASS" starttime="20220627 21:33:13.407" endtime="20220627 21:33:18.535"/>
</iter>
<status status="PASS" starttime="20220627 21:33:13.406" endtime="20220627 21:33:18.535"/>
</for>
<kw name="Close Browser" library="SeleniumLibrary">
<doc>Closes the current browser.</doc>
<status status="PASS" starttime="20220627 21:33:18.535" endtime="20220627 21:33:20.665"/>
</kw>
<status status="PASS" starttime="20220627 21:33:13.368" endtime="20220627 21:33:20.665"/>
</branch>
<status status="PASS" starttime="20220627 21:33:13.367" endtime="20220627 21:33:20.665"/>
</if>
<doc>hello world</doc>
<status status="PASS" starttime="20220627 21:33:03.531" endtime="20220627 21:33:20.666"/>
</test>
<doc>holamundo</doc>
<status status="PASS" starttime="20220627 21:33:03.201" endtime="20220627 21:33:20.668"/>
</suite>
<statistics>
<total>
<stat pass="1" fail="0" skip="0">All Tests</stat>
</total>
<tag>
</tag>
<suite>
<stat pass="1" fail="0" skip="0" id="s1" name="First">First</stat>
</suite>
</statistics>
<errors>
</errors>
</robot>
