<?xml version="1.0" encoding="UTF-8"?>
<robot generator="Robot 5.0.1 (Python 3.10.5 on win32)" generated="20220627 21:10:42.650" rpa="false" schemaversion="3">
<suite id="s1" name="First" source="C:\Users\jeiso\Documents\GitHub\pruebatecnica\resources\first.robot">
<test id="s1-t1" name="This is my test case" line="17">
<kw name="Open Browser" library="SeleniumLibrary">
<arg>${URL}</arg>
<arg>${Browser}</arg>
<doc>Opens a new browser instance to the optional ``url``.</doc>
<msg timestamp="20220627 21:10:43.054" level="INFO">Opening browser 'Edge' to base url 'https://www.einforma.co/buscador-empresas-empresarios'.</msg>
<status status="PASS" starttime="20220627 21:10:43.053" endtime="20220627 21:10:55.515"/>
</kw>
<kw name="Maximize Browser Window" library="SeleniumLibrary">
<doc>Maximizes current browser window.</doc>
<status status="PASS" starttime="20220627 21:10:55.515" endtime="20220627 21:10:55.640"/>
</kw>
<kw name="Wait Until Page Contains" library="SeleniumLibrary">
<arg>Buscar y verificar empresas por nombre</arg>
<doc>Waits until ``text`` appears on the current page.</doc>
<status status="PASS" starttime="20220627 21:10:55.641" endtime="20220627 21:10:55.657"/>
</kw>
<kw name="Input Text" library="SeleniumLibrary">
<arg>search</arg>
<arg>${companyNameSearch}</arg>
<doc>Types the given ``text`` into the text field identified by ``locator``.</doc>
<msg timestamp="20220627 21:10:55.660" level="INFO">Typing text 'Olimpica' into text field 'search'.</msg>
<status status="PASS" starttime="20220627 21:10:55.659" endtime="20220627 21:10:55.799"/>
</kw>
<kw name="Click Button" library="SeleniumLibrary">
<arg>xpath=//*[@id="buscador_cabecera"]/input[2]</arg>
<doc>Clicks the button identified by ``locator``.</doc>
<msg timestamp="20220627 21:10:55.800" level="INFO">Clicking button 'xpath=//*[@id="buscador_cabecera"]/input[2]'.</msg>
<status status="PASS" starttime="20220627 21:10:55.800" endtime="20220627 21:10:58.507"/>
</kw>
<kw name="Wait Until Page Contains" library="SeleniumLibrary">
<arg>Resultados de búsqueda</arg>
<doc>Waits until ``text`` appears on the current page.</doc>
<status status="PASS" starttime="20220627 21:10:58.508" endtime="20220627 21:10:58.520"/>
</kw>
<kw name="Get Text" library="SeleniumLibrary">
<var>${resultsText}</var>
<arg>xpath=//*[@id="a_nacional"]</arg>
<doc>Returns the text value of the element identified by ``locator``.</doc>
<msg timestamp="20220627 21:10:58.565" level="INFO">${resultsText} = Empresas y Empresarios (80)</msg>
<status status="PASS" starttime="20220627 21:10:58.521" endtime="20220627 21:10:58.565"/>
</kw>
<kw name="Get Number Results" library="functions">
<var>${numberResults}</var>
<arg>${resultsText}</arg>
<msg timestamp="20220627 21:10:58.566" level="INFO">${numberResults} = 80</msg>
<status status="PASS" starttime="20220627 21:10:58.565" endtime="20220627 21:10:58.566"/>
</kw>
<if>
<branch type="IF" condition="${numberResults} == 0">
<kw name="Close Browser" library="SeleniumLibrary">
<doc>Closes the current browser.</doc>
<status status="NOT RUN" starttime="20220627 21:10:58.566" endtime="20220627 21:10:58.566"/>
</kw>
<status status="NOT RUN" starttime="20220627 21:10:58.566" endtime="20220627 21:10:58.566"/>
</branch>
<branch type="ELSE">
<kw name="Get Departamento Id" library="functions">
<var>${departamentoId}</var>
<arg>${departamento}</arg>
<msg timestamp="20220627 21:10:58.567" level="INFO">${departamentoId} = 1</msg>
<status status="PASS" starttime="20220627 21:10:58.566" endtime="20220627 21:10:58.567"/>
</kw>
<kw name="Click Element" library="SeleniumLibrary">
<arg>xpath=//*[@id="PROVINCIA"]/option[${departamentoId}]</arg>
<doc>Click the element identified by ``locator``.</doc>
<msg timestamp="20220627 21:10:58.567" level="INFO">Clicking element 'xpath=//*[@id="PROVINCIA"]/option[1]'.</msg>
<status status="PASS" starttime="20220627 21:10:58.567" endtime="20220627 21:10:58.634"/>
</kw>
<for flavor="IN RANGE">
<var>${counter}</var>
<value>1</value>
<value>${n}+1</value>
<value>1</value>
<iter>
<var name="${counter}">1</var>
<kw name="Get Text" library="SeleniumLibrary">
<var>${resultsText}</var>
<arg>xpath://*[@id="a_nacional"]</arg>
<doc>Returns the text value of the element identified by ``locator``.</doc>
<msg timestamp="20220627 21:10:58.650" level="INFO">${resultsText} = Empresas y Empresarios (80)</msg>
<status status="PASS" starttime="20220627 21:10:58.635" endtime="20220627 21:10:58.651"/>
</kw>
<kw name="Wait Until Page Contains" library="SeleniumLibrary">
<arg>Denominación</arg>
<doc>Waits until ``text`` appears on the current page.</doc>
<status status="PASS" starttime="20220627 21:10:58.651" endtime="20220627 21:10:58.666"/>
</kw>
<kw name="Get Page" library="functions">
<var>${page}</var>
<arg>${counter}</arg>
<msg timestamp="20220627 21:10:58.666" level="INFO">${page} = 2</msg>
<status status="PASS" starttime="20220627 21:10:58.666" endtime="20220627 21:10:58.666"/>
</kw>
<kw name="Get Index Company" library="functions">
<var>${indexCompany}</var>
<arg>${counter}</arg>
<msg timestamp="20220627 21:10:58.667" level="INFO">${indexCompany} = 1</msg>
<status status="PASS" starttime="20220627 21:10:58.666" endtime="20220627 21:10:58.667"/>
</kw>
<kw name="Click Element" library="SeleniumLibrary">
<arg>xpath=//*[@id="nacional"]/div[3]/div/div[2]/ul/li[${page}]</arg>
<doc>Click the element identified by ``locator``.</doc>
<msg timestamp="20220627 21:10:58.667" level="INFO">Clicking element 'xpath=//*[@id="nacional"]/div[3]/div/div[2]/ul/li[2]'.</msg>
<status status="PASS" starttime="20220627 21:10:58.667" endtime="20220627 21:10:58.714"/>
</kw>
<kw name="Sleep" library="BuiltIn">
<arg>2s</arg>
<doc>Pauses the test executed for the given time.</doc>
<msg timestamp="20220627 21:11:00.716" level="INFO">Slept 2 seconds</msg>
<status status="PASS" starttime="20220627 21:10:58.714" endtime="20220627 21:11:00.716"/>
</kw>
<kw name="Click Element" library="SeleniumLibrary">
<arg>xpath=//*[@id="nacional"]/tbody/tr[${indexCompany}]</arg>
<doc>Click the element identified by ``locator``.</doc>
<msg timestamp="20220627 21:11:00.718" level="INFO">Clicking element 'xpath=//*[@id="nacional"]/tbody/tr[1]'.</msg>
<status status="PASS" starttime="20220627 21:11:00.717" endtime="20220627 21:11:03.912"/>
</kw>
<kw name="Get Text" library="SeleniumLibrary">
<var>${nombre}</var>
<arg>xpath=//*[@id="titInner"]/div[1]/ul/li[5]</arg>
<doc>Returns the text value of the element identified by ``locator``.</doc>
<msg timestamp="20220627 21:11:03.946" level="INFO">${nombre} = / GRAFICAS OLIMPICA S A S</msg>
<status status="PASS" starttime="20220627 21:11:03.912" endtime="20220627 21:11:03.946"/>
</kw>
<kw name="Get Element Attribute" library="SeleniumLibrary">
<var>${html_table}</var>
<arg>//*[@id="imprimir"]/table</arg>
<arg>outerHTML</arg>
<doc>Returns the value of ``attribute`` from the element ``locator``.</doc>
<msg timestamp="20220627 21:11:03.969" level="INFO">${html_table} = &lt;table align="center" cellpadding="0" cellspacing="0"&gt;&lt;tbody&gt;&lt;tr&gt;&lt;td class="tit_ficha" colspan="2"&gt;&lt;div class="seccion"&gt;Información Básica&lt;span&gt;&lt;img src="/templates/web/_img/_gfx/carpeta.gif"&gt;&lt;/span&gt;&lt;...</msg>
<status status="PASS" starttime="20220627 21:11:03.946" endtime="20220627 21:11:03.969"/>
</kw>
<kw name="Process Table" library="functions">
<arg>${html_table}</arg>
<arg>${nombre}</arg>
<msg timestamp="20220627 21:11:03.975" level="INFO">utf-8</msg>
<status status="PASS" starttime="20220627 21:11:03.969" endtime="20220627 21:11:03.975"/>
</kw>
<kw name="To Lower" library="functions">
<var>${ssfilename}</var>
<arg>${nombre}</arg>
<msg timestamp="20220627 21:11:03.975" level="INFO">${ssfilename} = /graficasolimpicasas</msg>
<status status="PASS" starttime="20220627 21:11:03.975" endtime="20220627 21:11:03.976"/>
</kw>
<kw name="Capture Page Screenshot" library="SeleniumLibrary">
<arg>./screenshots/${ssfilename}.png</arg>
<doc>Takes a screenshot of the current page and embeds it into a log file.</doc>
<msg timestamp="20220627 21:11:04.110" level="INFO" html="true">&lt;/td&gt;&lt;/tr&gt;&lt;tr&gt;&lt;td colspan="3"&gt;&lt;a href="screenshots/graficasolimpicasas.png"&gt;&lt;img src="screenshots/graficasolimpicasas.png" width="800px"&gt;&lt;/a&gt;</msg>
<status status="PASS" starttime="20220627 21:11:03.976" endtime="20220627 21:11:04.110"/>
</kw>
<kw name="Go Back" library="SeleniumLibrary">
<doc>Simulates the user clicking the back button on their browser.</doc>
<status status="PASS" starttime="20220627 21:11:04.110" endtime="20220627 21:11:05.517"/>
</kw>
<status status="PASS" starttime="20220627 21:10:58.635" endtime="20220627 21:11:05.517"/>
</iter>
<status status="PASS" starttime="20220627 21:10:58.634" endtime="20220627 21:11:05.517"/>
</for>
<kw name="Close Browser" library="SeleniumLibrary">
<doc>Closes the current browser.</doc>
<status status="PASS" starttime="20220627 21:11:05.517" endtime="20220627 21:11:07.635"/>
</kw>
<status status="PASS" starttime="20220627 21:10:58.566" endtime="20220627 21:11:07.635"/>
</branch>
<status status="PASS" starttime="20220627 21:10:58.566" endtime="20220627 21:11:07.635"/>
</if>
<doc>hello world</doc>
<status status="PASS" starttime="20220627 21:10:43.050" endtime="20220627 21:11:07.636"/>
</test>
<doc>holamundo</doc>
<status status="PASS" starttime="20220627 21:10:42.652" endtime="20220627 21:11:07.638"/>
</suite>
<statistics>
<total>
<stat pass="1" fail="0" skip="0">All Tests</stat>
</total>
<tag>
</tag>
<suite>
<stat pass="1" fail="0" skip="0" id="s1" name="First">First</stat>
</suite>
</statistics>
<errors>
</errors>
</robot>
