<?xml version="1.0" encoding="UTF-8"?>
<robot generator="Robot 5.0.1 (Python 3.10.5 on win32)" generated="20220627 19:23:48.057" rpa="false" schemaversion="3">
<suite id="s1" name="First" source="C:\Users\jeiso\Documents\GitHub\pruebatecnica\resources\first.robot">
<test id="s1-t1" name="This is my test case" line="17">
<kw name="Open Browser" library="SeleniumLibrary">
<arg>${URL}</arg>
<arg>${Browser}</arg>
<doc>Opens a new browser instance to the optional ``url``.</doc>
<status status="PASS" starttime="20220627 19:23:48.315" endtime="20220627 19:23:58.099"/>
</kw>
<kw name="Maximize Browser Window" library="SeleniumLibrary">
<doc>Maximizes current browser window.</doc>
<status status="PASS" starttime="20220627 19:23:58.099" endtime="20220627 19:23:58.219"/>
</kw>
<kw name="Wait Until Page Contains" library="SeleniumLibrary">
<arg>Buscar y verificar empresas por nombre</arg>
<doc>Waits until ``text`` appears on the current page.</doc>
<status status="PASS" starttime="20220627 19:23:58.220" endtime="20220627 19:23:58.231"/>
</kw>
<kw name="Input Text" library="SeleniumLibrary">
<arg>search</arg>
<arg>${companyNameSearch}</arg>
<doc>Types the given ``text`` into the text field identified by ``locator``.</doc>
<status status="PASS" starttime="20220627 19:23:58.231" endtime="20220627 19:23:58.290"/>
</kw>
<kw name="Click Button" library="SeleniumLibrary">
<arg>xpath=//*[@id="buscador_cabecera"]/input[2]</arg>
<doc>Clicks the button identified by ``locator``.</doc>
<status status="PASS" starttime="20220627 19:23:58.291" endtime="20220627 19:24:01.811"/>
</kw>
<kw name="Wait Until Page Contains" library="SeleniumLibrary">
<arg>Resultados de búsqueda</arg>
<doc>Waits until ``text`` appears on the current page.</doc>
<msg timestamp="20220627 19:24:26.973" level="FAIL">WebDriverException: Message: chrome not reachable
  (Session info: MicrosoftEdge=103.0.1264.37)
Stacktrace:
Backtrace:
	Microsoft::Applications::Events::EventProperties::unpack [0x00007FF638996292+24642]
	Microsoft::Applications::Events::GUID_t::GUID_t [0x00007FF6388E99E2+334098]
	Ordinal0 [0x00007FF6384877CB+620491]
	Ordinal0 [0x00007FF6384780C6+557254]
	Ordinal0 [0x00007FF638478A59+559705]
	Ordinal0 [0x00007FF63847A8FD+567549]
	Ordinal0 [0x00007FF63847308F+536719]
	Ordinal0 [0x00007FF638488C71+625777]
	Ordinal0 [0x00007FF6384F2606+1058310]
	Ordinal0 [0x00007FF6384DECB3+978099]
	Ordinal0 [0x00007FF6384B5F00+810752]
	Ordinal0 [0x00007FF6384B7508+816392]
	Microsoft::Applications::Events::EventProperty::EventProperty [0x00007FF63874D478+135480]
	Microsoft::Applications::Events::EventProperty::EventProperty [0x00007FF638734B77+34871]
	Microsoft::Applications::Events::EventProperty::EventProperty [0x00007FF638737BFC+47292]
	Microsoft::Applications::Events::EventProperty::to_string [0x00007FF6385911B6+23222]
	Microsoft::Applications::Events::GUID_t::GUID_t [0x00007FF6388F0EEB+364059]
	Microsoft::Applications::Events::GUID_t::GUID_t [0x00007FF6388F5924+383060]
	Microsoft::Applications::Events::GUID_t::GUID_t [0x00007FF6388F5A7D+383405]
	Microsoft::Applications::Events::time_ticks_t::time_ticks_t [0x00007FF63890038E+39918]
	BaseThreadInitThunk [0x00007FFF748654E0+16]
	RtlUserThreadStart [0x00007FFF769C485B+43]
</msg>
<status status="FAIL" starttime="20220627 19:24:01.811" endtime="20220627 19:24:26.975"/>
</kw>
<kw name="Get Text" library="SeleniumLibrary">
<var>${resultsText}</var>
<arg>xpath=//*[@id="a_nacional"]</arg>
<doc>Returns the text value of the element identified by ``locator``.</doc>
<status status="NOT RUN" starttime="20220627 19:24:26.975" endtime="20220627 19:24:26.975"/>
</kw>
<kw name="Get Number Results" library="functions">
<var>${numberResults}</var>
<arg>${resultsText}</arg>
<status status="NOT RUN" starttime="20220627 19:24:26.975" endtime="20220627 19:24:26.975"/>
</kw>
<if>
<branch type="IF" condition="${numberResults} == 0">
<kw name="Close Browser" library="SeleniumLibrary">
<doc>Closes the current browser.</doc>
<status status="NOT RUN" starttime="20220627 19:24:26.976" endtime="20220627 19:24:26.976"/>
</kw>
<status status="NOT RUN" starttime="20220627 19:24:26.976" endtime="20220627 19:24:26.976"/>
</branch>
<branch type="ELSE">
<kw name="Get Departamento Id" library="functions">
<var>${departamentoId}</var>
<arg>${departamento}</arg>
<status status="NOT RUN" starttime="20220627 19:24:26.976" endtime="20220627 19:24:26.976"/>
</kw>
<kw name="Click Element" library="SeleniumLibrary">
<arg>xpath=//*[@id="PROVINCIA"]/option[${departamentoId}]</arg>
<doc>Click the element identified by ``locator``.</doc>
<status status="NOT RUN" starttime="20220627 19:24:26.976" endtime="20220627 19:24:26.976"/>
</kw>
<for flavor="IN RANGE">
<var>${counter}</var>
<value>1</value>
<value>${n}+1</value>
<value>1</value>
<iter>
<var name="${counter}"/>
<kw name="Get Text" library="SeleniumLibrary">
<var>${resultsText}</var>
<arg>xpath://*[@id="a_nacional"]</arg>
<doc>Returns the text value of the element identified by ``locator``.</doc>
<status status="NOT RUN" starttime="20220627 19:24:26.976" endtime="20220627 19:24:26.977"/>
</kw>
<kw name="Wait Until Page Contains" library="SeleniumLibrary">
<arg>Denominación</arg>
<doc>Waits until ``text`` appears on the current page.</doc>
<status status="NOT RUN" starttime="20220627 19:24:26.977" endtime="20220627 19:24:26.977"/>
</kw>
<kw name="Get Page" library="functions">
<var>${page}</var>
<arg>${counter}</arg>
<status status="NOT RUN" starttime="20220627 19:24:26.977" endtime="20220627 19:24:26.977"/>
</kw>
<kw name="Get Index Company" library="functions">
<var>${indexCompany}</var>
<arg>${counter}</arg>
<status status="NOT RUN" starttime="20220627 19:24:26.977" endtime="20220627 19:24:26.977"/>
</kw>
<kw name="Click Element" library="SeleniumLibrary">
<arg>xpath=//*[@id="nacional"]/div[3]/div/div[2]/ul/li[${page}]</arg>
<doc>Click the element identified by ``locator``.</doc>
<status status="NOT RUN" starttime="20220627 19:24:26.977" endtime="20220627 19:24:26.977"/>
</kw>
<kw name="Sleep" library="BuiltIn">
<arg>5s</arg>
<doc>Pauses the test executed for the given time.</doc>
<status status="NOT RUN" starttime="20220627 19:24:26.977" endtime="20220627 19:24:26.977"/>
</kw>
<kw name="Click Element" library="SeleniumLibrary">
<arg>xpath=//*[@id="nacional"]/tbody/tr[${indexCompany}]</arg>
<doc>Click the element identified by ``locator``.</doc>
<status status="NOT RUN" starttime="20220627 19:24:26.977" endtime="20220627 19:24:26.977"/>
</kw>
<kw name="Get Text" library="SeleniumLibrary">
<var>${nombre}</var>
<arg>xpath=//*[@id="titInner"]/div[1]/ul/li[5]</arg>
<doc>Returns the text value of the element identified by ``locator``.</doc>
<status status="NOT RUN" starttime="20220627 19:24:26.977" endtime="20220627 19:24:26.977"/>
</kw>
<kw name="Get Element Attribute" library="SeleniumLibrary">
<var>${html_table}</var>
<arg>//*[@id="imprimir"]/table</arg>
<arg>outerHTML</arg>
<doc>Returns the value of ``attribute`` from the element ``locator``.</doc>
<status status="NOT RUN" starttime="20220627 19:24:26.977" endtime="20220627 19:24:26.977"/>
</kw>
<kw name="Process Table" library="functions">
<arg>${html_table}</arg>
<arg>${nombre}</arg>
<status status="NOT RUN" starttime="20220627 19:24:26.977" endtime="20220627 19:24:26.977"/>
</kw>
<kw name="To Lower" library="functions">
<var>${ssfilename}</var>
<arg>${nombre}</arg>
<status status="NOT RUN" starttime="20220627 19:24:26.977" endtime="20220627 19:24:26.977"/>
</kw>
<kw name="Capture Page Screenshot" library="SeleniumLibrary">
<arg>./screenshots/${ssfilename}.png</arg>
<doc>Takes a screenshot of the current page and embeds it into a log file.</doc>
<status status="NOT RUN" starttime="20220627 19:24:26.977" endtime="20220627 19:24:26.977"/>
</kw>
<kw name="Go Back" library="SeleniumLibrary">
<doc>Simulates the user clicking the back button on their browser.</doc>
<status status="NOT RUN" starttime="20220627 19:24:26.977" endtime="20220627 19:24:26.978"/>
</kw>
<status status="NOT RUN" starttime="20220627 19:24:26.976" endtime="20220627 19:24:26.978"/>
</iter>
<status status="NOT RUN" starttime="20220627 19:24:26.976" endtime="20220627 19:24:26.978"/>
</for>
<kw name="Close Browser" library="SeleniumLibrary">
<doc>Closes the current browser.</doc>
<status status="NOT RUN" starttime="20220627 19:24:26.978" endtime="20220627 19:24:26.978"/>
</kw>
<status status="NOT RUN" starttime="20220627 19:24:26.976" endtime="20220627 19:24:26.978"/>
</branch>
<status status="NOT RUN" starttime="20220627 19:24:26.975" endtime="20220627 19:24:26.978"/>
</if>
<doc>hello world</doc>
<status status="FAIL" starttime="20220627 19:23:48.313" endtime="20220627 19:24:26.978">WebDriverException: Message: chrome not reachable
  (Session info: MicrosoftEdge=103.0.1264.37)
Stacktrace:
Backtrace:
	Microsoft::Applications::Events::EventProperties::unpack [0x00007FF638996292+24642]
	Microsoft::Applications::Events::GUID_t::GUID_t [0x00007FF6388E99E2+334098]
	Ordinal0 [0x00007FF6384877CB+620491]
	Ordinal0 [0x00007FF6384780C6+557254]
	Ordinal0 [0x00007FF638478A59+559705]
	Ordinal0 [0x00007FF63847A8FD+567549]
	Ordinal0 [0x00007FF63847308F+536719]
	Ordinal0 [0x00007FF638488C71+625777]
	Ordinal0 [0x00007FF6384F2606+1058310]
	Ordinal0 [0x00007FF6384DECB3+978099]
	Ordinal0 [0x00007FF6384B5F00+810752]
	Ordinal0 [0x00007FF6384B7508+816392]
	Microsoft::Applications::Events::EventProperty::EventProperty [0x00007FF63874D478+135480]
	Microsoft::Applications::Events::EventProperty::EventProperty [0x00007FF638734B77+34871]
	Microsoft::Applications::Events::EventProperty::EventProperty [0x00007FF638737BFC+47292]
	Microsoft::Applications::Events::EventProperty::to_string [0x00007FF6385911B6+23222]
	Microsoft::Applications::Events::GUID_t::GUID_t [0x00007FF6388F0EEB+364059]
	Microsoft::Applications::Events::GUID_t::GUID_t [0x00007FF6388F5924+383060]
	Microsoft::Applications::Events::GUID_t::GUID_t [0x00007FF6388F5A7D+383405]
	Microsoft::Applications::Events::time_ticks_t::time_ticks_t [0x00007FF63890038E+39918]
	BaseThreadInitThunk [0x00007FFF748654E0+16]
	RtlUserThreadStart [0x00007FFF769C485B+43]
</status>
</test>
<doc>holamundo</doc>
<status status="FAIL" starttime="20220627 19:23:48.059" endtime="20220627 19:24:26.979"/>
</suite>
<statistics>
<total>
<stat pass="0" fail="1" skip="0">All Tests</stat>
</total>
<tag>
</tag>
<suite>
<stat pass="0" fail="1" skip="0" id="s1" name="First">First</stat>
</suite>
</statistics>
<errors>
</errors>
</robot>
